<?xml version="1.0" encoding="UTF-8"?>
<!-- Generated by org.testng.reporters.JUnitReportReporter -->
<testsuite hostname="Archanas-Air.phub.net.cable.rogers.com" failures="0" tests="6" name="testNGBasics.TC01" time="0.003" errors="0" timestamp="2023-03-19T22:40:10 EDT" skipped="0">
  <testcase classname="testNGBasics.TC01" name="demoBye" time="0.000"/>
  <system-out/>
  <testcase classname="testNGBasics.TC01" name="demo" time="0.000"/>
  <system-out/>
  <testcase classname="testNGBasics.TC01" name="French" time="0.001"/>
  <system-out/>
  <testcase classname="testNGBasics.TC01" name="Groups3" time="0.000"/>
  <system-out/>
  <testcase classname="testNGBasics.TC01" name="French" time="0.000"/>
  <system-out/>
  <testcase classname="testNGBasics.TC01" name="French" time="0.002"/>
  <system-out/>
</testsuite> <!-- testNGBasics.TC01 -->
