<?xml version="1.0" encoding="UTF-8"?>
<!-- Generated by org.testng.reporters.JUnitReportReporter -->
<testsuite hostname="Archanas-Air.phub.net.cable.rogers.com" failures="0" tests="1" name="testNGBasics.TC03" time="0.003" errors="0" timestamp="2023-03-19T22:40:10 EDT" skipped="0">
  <testcase classname="testNGBasics.TC03" name="loginAPIcarloan" time="0.003"/>
  <system-out/>
</testsuite> <!-- testNGBasics.TC03 -->
