<?xml version="1.0" encoding="UTF-8"?>
<!-- Generated by org.testng.reporters.JUnitReportReporter -->
<testsuite hostname="Archanas-Air.phub.net.cable.rogers.com" failures="0" tests="1" name="testNGBasics.TC03" time="0.000" errors="0" timestamp="2023-03-18T00:57:25 EDT" skipped="0">
  <testcase classname="testNGBasics.TC03" name="Groups1" time="0.000"/>
  <system-out/>
</testsuite> <!-- testNGBasics.TC03 -->
