<?xml version="1.0" encoding="UTF-8"?>
<!-- Generated by org.testng.reporters.JUnitReportReporter -->
<testsuite hostname="Archanas-Air.phub.net.cable.rogers.com" failures="0" tests="1" name="testNGBasics.TC01" time="0.003" errors="0" timestamp="2023-03-17T14:10:02 EDT" skipped="0">
  <testcase classname="testNGBasics.TC01" name="demo" time="0.003"/>
  <system-out/>
</testsuite> <!-- testNGBasics.TC01 -->
