<?xml version="1.0" encoding="UTF-8"?>
<!-- Generated by org.testng.reporters.JUnitReportReporter -->
<testsuite hostname="Archanas-Air.phub.net.cable.rogers.com" failures="0" tests="1" name="coreJava_Inheritance.PS1" time="0.005" errors="0" timestamp="2023-03-20T01:00:25 EDT" skipped="0">
  <testcase classname="coreJava_Inheritance.PS1" name="testrun" time="0.005"/>
  <system-out/>
</testsuite> <!-- coreJava_Inheritance.PS1 -->
