<?xml version="1.0" encoding="UTF-8"?>
<!-- Generated by org.testng.reporters.JUnitReportReporter -->
<testsuite hostname="Archanas-Air.phub.net.cable.rogers.com" failures="0" tests="4" name="testNGBasics.TC05" time="0.002" errors="0" timestamp="2023-03-19T22:40:10 EDT" skipped="1">
  <testcase classname="testNGBasics.TC05" name="Selenium" time="0.000"/>
  <system-out/>
  <testcase classname="testNGBasics.TC05" name="Jira" time="0.002"/>
  <system-out/>
  <testcase classname="testNGBasics.TC05" name="API" time="0.000"/>
  <system-out/>
  <testcase classname="testNGBasics.TC05" name="Appium">
    <skipped/>
  </testcase> <!-- Appium -->
  <system-out/>
</testsuite> <!-- testNGBasics.TC05 -->
