<?xml version="1.0" encoding="UTF-8"?>
<!-- Generated by org.testng.reporters.JUnitReportReporter -->
<testsuite hostname="Archanas-Air.phub.net.cable.rogers.com" failures="0" tests="1" name="testNGBasics.TC07" time="0.000" errors="0" timestamp="2023-03-19T22:08:42 EDT" skipped="0">
  <testcase classname="testNGBasics.TC07" name="Git" time="0.000"/>
  <system-out/>
</testsuite> <!-- testNGBasics.TC07 -->
